> Task :compileJava UP-TO-DATE
> Task :processResources UP-TO-DATE
> Task :classes UP-TO-DATE
> Task :resolveMainClassName UP-TO-DATE

> Task :bootRun
Standard Commons Logging discovery in action with spring-jcl: please remove commons-logging.jar from classpath in order to avoid potential conflicts

  .   ____          _            __ _ _
 /\\ / ___'_ __ _ _(_)_ __  __ _ \ \ \ \
( ( )\___ | '_ | '_| | '_ \/ _` | \ \ \ \
 \\/  ___)| |_)| | | | | || (_| |  ) ) ) )
  '  |____| .__|_| |_|_| |_\__, | / / / /
 =========|_|==============|___/=/_/_/_/

 :: Spring Boot ::                (v3.5.6)

2025-12-19T15:01:44.118+07:00  INFO 13932 --- [learniverse-be] [           main] o.e.l.LearniverseBeApplication           : Starting LearniverseBeApplication using Java 17.0.12 with PID 13932 (/Users/octguy/Personalize/tech/java/project/learniverse/learniverse-be/build/classes/java/main started by octguy in /Users/octguy/Personalize/tech/java/project/learniverse/learniverse-be)
2025-12-19T15:01:44.119+07:00 DEBUG 13932 --- [learniverse-be] [           main] o.e.l.LearniverseBeApplication           : Running with Spring Boot v3.5.6, Spring v6.2.11
2025-12-19T15:01:44.119+07:00  INFO 13932 --- [learniverse-be] [           main] o.e.l.LearniverseBeApplication           : No active profile set, falling back to 1 default profile: "default"
2025-12-19T15:01:44.396+07:00  INFO 13932 --- [learniverse-be] [           main] .s.d.r.c.RepositoryConfigurationDelegate : Multiple Spring Data modules found, entering strict repository configuration mode
2025-12-19T15:01:44.397+07:00  INFO 13932 --- [learniverse-be] [           main] .s.d.r.c.RepositoryConfigurationDelegate : Bootstrapping Spring Data JPA repositories in DEFAULT mode.
2025-12-19T15:01:44.461+07:00  INFO 13932 --- [learniverse-be] [           main] .s.d.r.c.RepositoryConfigurationDelegate : Finished Spring Data repository scanning in 61 ms. Found 25 JPA repository interfaces.
2025-12-19T15:01:44.468+07:00  INFO 13932 --- [learniverse-be] [           main] .s.d.r.c.RepositoryConfigurationDelegate : Multiple Spring Data modules found, entering strict repository configuration mode
2025-12-19T15:01:44.468+07:00  INFO 13932 --- [learniverse-be] [           main] .s.d.r.c.RepositoryConfigurationDelegate : Bootstrapping Spring Data Redis repositories in DEFAULT mode.
2025-12-19T15:01:44.475+07:00  INFO 13932 --- [learniverse-be] [           main] .RepositoryConfigurationExtensionSupport : Spring Data Redis - Could not safely identify store assignment for repository candidate interface org.example.learniversebe.repository.AnswerRepository; If you want this repository to be a Redis repository, consider annotating your entities with one of these annotations: org.springframework.data.redis.core.RedisHash (preferred), or consider extending one of the following types with your repository: org.springframework.data.keyvalue.repository.KeyValueRepository
2025-12-19T15:01:44.475+07:00  INFO 13932 --- [learniverse-be] [           main] .RepositoryConfigurationExtensionSupport : Spring Data Redis - Could not safely identify store assignment for repository candidate interface org.example.learniversebe.repository.AttachmentRepository; If you want this repository to be a Redis repository, consider annotating your entities with one of these annotations: org.springframework.data.redis.core.RedisHash (preferred), or consider extending one of the following types with your repository: org.springframework.data.keyvalue.repository.KeyValueRepository
2025-12-19T15:01:44.475+07:00  INFO 13932 --- [learniverse-be] [           main] .RepositoryConfigurationExtensionSupport : Spring Data Redis - Could not safely identify store assignment for repository candidate interface org.example.learniversebe.repository.AuthCredentialRepository; If you want this repository to be a Redis repository, consider annotating your entities with one of these annotations: org.springframework.data.redis.core.RedisHash (preferred), or consider extending one of the following types with your repository: org.springframework.data.keyvalue.repository.KeyValueRepository
2025-12-19T15:01:44.476+07:00  INFO 13932 --- [learniverse-be] [           main] .RepositoryConfigurationExtensionSupport : Spring Data Redis - Could not safely identify store assignment for repository candidate interface org.example.learniversebe.repository.BookmarkRepository; If you want this repository to be a Redis repository, consider annotating your entities with one of these annotations: org.springframework.data.redis.core.RedisHash (preferred), or consider extending one of the following types with your repository: org.springframework.data.keyvalue.repository.KeyValueRepository
2025-12-19T15:01:44.476+07:00  INFO 13932 --- [learniverse-be] [           main] .RepositoryConfigurationExtensionSupport : Spring Data Redis - Could not safely identify store assignment for repository candidate interface org.example.learniversebe.repository.ChatMessageRepository; If you want this repository to be a Redis repository, consider annotating your entities with one of these annotations: org.springframework.data.redis.core.RedisHash (preferred), or consider extending one of the following types with your repository: org.springframework.data.keyvalue.repository.KeyValueRepository
2025-12-19T15:01:44.476+07:00  INFO 13932 --- [learniverse-be] [           main] .RepositoryConfigurationExtensionSupport : Spring Data Redis - Could not safely identify store assignment for repository candidate interface org.example.learniversebe.repository.ChatParticipantRepository; If you want this repository to be a Redis repository, consider annotating your entities with one of these annotations: org.springframework.data.redis.core.RedisHash (preferred), or consider extending one of the following types with your repository: org.springframework.data.keyvalue.repository.KeyValueRepository
2025-12-19T15:01:44.476+07:00  INFO 13932 --- [learniverse-be] [           main] .RepositoryConfigurationExtensionSupport : Spring Data Redis - Could not safely identify store assignment for repository candidate interface org.example.learniversebe.repository.ChatRoomRepository; If you want this repository to be a Redis repository, consider annotating your entities with one of these annotations: org.springframework.data.redis.core.RedisHash (preferred), or consider extending one of the following types with your repository: org.springframework.data.keyvalue.repository.KeyValueRepository
2025-12-19T15:01:44.476+07:00  INFO 13932 --- [learniverse-be] [           main] .RepositoryConfigurationExtensionSupport : Spring Data Redis - Could not safely identify store assignment for repository candidate interface org.example.learniversebe.repository.CommentRepository; If you want this repository to be a Redis repository, consider annotating your entities with one of these annotations: org.springframework.data.redis.core.RedisHash (preferred), or consider extending one of the following types with your repository: org.springframework.data.keyvalue.repository.KeyValueRepository
2025-12-19T15:01:44.476+07:00  INFO 13932 --- [learniverse-be] [           main] .RepositoryConfigurationExtensionSupport : Spring Data Redis - Could not safely identify store assignment for repository candidate interface org.example.learniversebe.repository.ContentEditHistoryRepository; If you want this repository to be a Redis repository, consider annotating your entities with one of these annotations: org.springframework.data.redis.core.RedisHash (preferred), or consider extending one of the following types with your repository: org.springframework.data.keyvalue.repository.KeyValueRepository
2025-12-19T15:01:44.476+07:00  INFO 13932 --- [learniverse-be] [           main] .RepositoryConfigurationExtensionSupport : Spring Data Redis - Could not safely identify store assignment for repository candidate interface org.example.learniversebe.repository.ContentReportRepository; If you want this repository to be a Redis repository, consider annotating your entities with one of these annotations: org.springframework.data.redis.core.RedisHash (preferred), or consider extending one of the following types with your repository: org.springframework.data.keyvalue.repository.KeyValueRepository
2025-12-19T15:01:44.476+07:00  INFO 13932 --- [learniverse-be] [           main] .RepositoryConfigurationExtensionSupport : Spring Data Redis - Could not safely identify store assignment for repository candidate interface org.example.learniversebe.repository.ContentRepository; If you want this repository to be a Redis repository, consider annotating your entities with one of these annotations: org.springframework.data.redis.core.RedisHash (preferred), or consider extending one of the following types with your repository: org.springframework.data.keyvalue.repository.KeyValueRepository
2025-12-19T15:01:44.476+07:00  INFO 13932 --- [learniverse-be] [           main] .RepositoryConfigurationExtensionSupport : Spring Data Redis - Could not safely identify store assignment for repository candidate interface org.example.learniversebe.repository.ContentTagRepository; If you want this repository to be a Redis repository, consider annotating your entities with one of these annotations: org.springframework.data.redis.core.RedisHash (preferred), or consider extending one of the following types with your repository: org.springframework.data.keyvalue.repository.KeyValueRepository
2025-12-19T15:01:44.476+07:00  INFO 13932 --- [learniverse-be] [           main] .RepositoryConfigurationExtensionSupport : Spring Data Redis - Could not safely identify store assignment for repository candidate interface org.example.learniversebe.repository.MentionRepository; If you want this repository to be a Redis repository, consider annotating your entities with one of these annotations: org.springframework.data.redis.core.RedisHash (preferred), or consider extending one of the following types with your repository: org.springframework.data.keyvalue.repository.KeyValueRepository
2025-12-19T15:01:44.476+07:00  INFO 13932 --- [learniverse-be] [           main] .RepositoryConfigurationExtensionSupport : Spring Data Redis - Could not safely identify store assignment for repository candidate interface org.example.learniversebe.repository.MessageReceiptRepository; If you want this repository to be a Redis repository, consider annotating your entities with one of these annotations: org.springframework.data.redis.core.RedisHash (preferred), or consider extending one of the following types with your repository: org.springframework.data.keyvalue.repository.KeyValueRepository
2025-12-19T15:01:44.476+07:00  INFO 13932 --- [learniverse-be] [           main] .RepositoryConfigurationExtensionSupport : Spring Data Redis - Could not safely identify store assignment for repository candidate interface org.example.learniversebe.repository.PasswordResetTokenRepository; If you want this repository to be a Redis repository, consider annotating your entities with one of these annotations: org.springframework.data.redis.core.RedisHash (preferred), or consider extending one of the following types with your repository: org.springframework.data.keyvalue.repository.KeyValueRepository
2025-12-19T15:01:44.477+07:00  INFO 13932 --- [learniverse-be] [           main] .RepositoryConfigurationExtensionSupport : Spring Data Redis - Could not safely identify store assignment for repository candidate interface org.example.learniversebe.repository.ReactionRepository; If you want this repository to be a Redis repository, consider annotating your entities with one of these annotations: org.springframework.data.redis.core.RedisHash (preferred), or consider extending one of the following types with your repository: org.springframework.data.keyvalue.repository.KeyValueRepository
2025-12-19T15:01:44.477+07:00  INFO 13932 --- [learniverse-be] [           main] .RepositoryConfigurationExtensionSupport : Spring Data Redis - Could not safely identify store assignment for repository candidate interface org.example.learniversebe.repository.RefreshTokenRepository; If you want this repository to be a Redis repository, consider annotating your entities with one of these annotations: org.springframework.data.redis.core.RedisHash (preferred), or consider extending one of the following types with your repository: org.springframework.data.keyvalue.repository.KeyValueRepository
2025-12-19T15:01:44.477+07:00  INFO 13932 --- [learniverse-be] [           main] .RepositoryConfigurationExtensionSupport : Spring Data Redis - Could not safely identify store assignment for repository candidate interface org.example.learniversebe.repository.RoleRepository; If you want this repository to be a Redis repository, consider annotating your entities with one of these annotations: org.springframework.data.redis.core.RedisHash (preferred), or consider extending one of the following types with your repository: org.springframework.data.keyvalue.repository.KeyValueRepository
2025-12-19T15:01:44.477+07:00  INFO 13932 --- [learniverse-be] [           main] .RepositoryConfigurationExtensionSupport : Spring Data Redis - Could not safely identify store assignment for repository candidate interface org.example.learniversebe.repository.RoleUserRepository; If you want this repository to be a Redis repository, consider annotating your entities with one of these annotations: org.springframework.data.redis.core.RedisHash (preferred), or consider extending one of the following types with your repository: org.springframework.data.keyvalue.repository.KeyValueRepository
2025-12-19T15:01:44.477+07:00  INFO 13932 --- [learniverse-be] [           main] .RepositoryConfigurationExtensionSupport : Spring Data Redis - Could not safely identify store assignment for repository candidate interface org.example.learniversebe.repository.ShareRepository; If you want this repository to be a Redis repository, consider annotating your entities with one of these annotations: org.springframework.data.redis.core.RedisHash (preferred), or consider extending one of the following types with your repository: org.springframework.data.keyvalue.repository.KeyValueRepository
2025-12-19T15:01:44.477+07:00  INFO 13932 --- [learniverse-be] [           main] .RepositoryConfigurationExtensionSupport : Spring Data Redis - Could not safely identify store assignment for repository candidate interface org.example.learniversebe.repository.TagRepository; If you want this repository to be a Redis repository, consider annotating your entities with one of these annotations: org.springframework.data.redis.core.RedisHash (preferred), or consider extending one of the following types with your repository: org.springframework.data.keyvalue.repository.KeyValueRepository
2025-12-19T15:01:44.477+07:00  INFO 13932 --- [learniverse-be] [           main] .RepositoryConfigurationExtensionSupport : Spring Data Redis - Could not safely identify store assignment for repository candidate interface org.example.learniversebe.repository.UserProfileRepository; If you want this repository to be a Redis repository, consider annotating your entities with one of these annotations: org.springframework.data.redis.core.RedisHash (preferred), or consider extending one of the following types with your repository: org.springframework.data.keyvalue.repository.KeyValueRepository
2025-12-19T15:01:44.477+07:00  INFO 13932 --- [learniverse-be] [           main] .RepositoryConfigurationExtensionSupport : Spring Data Redis - Could not safely identify store assignment for repository candidate interface org.example.learniversebe.repository.UserProfileTagRepository; If you want this repository to be a Redis repository, consider annotating your entities with one of these annotations: org.springframework.data.redis.core.RedisHash (preferred), or consider extending one of the following types with your repository: org.springframework.data.keyvalue.repository.KeyValueRepository
2025-12-19T15:01:44.477+07:00  INFO 13932 --- [learniverse-be] [           main] .RepositoryConfigurationExtensionSupport : Spring Data Redis - Could not safely identify store assignment for repository candidate interface org.example.learniversebe.repository.UserRepository; If you want this repository to be a Redis repository, consider annotating your entities with one of these annotations: org.springframework.data.redis.core.RedisHash (preferred), or consider extending one of the following types with your repository: org.springframework.data.keyvalue.repository.KeyValueRepository
2025-12-19T15:01:44.477+07:00  INFO 13932 --- [learniverse-be] [           main] .RepositoryConfigurationExtensionSupport : Spring Data Redis - Could not safely identify store assignment for repository candidate interface org.example.learniversebe.repository.VoteRepository; If you want this repository to be a Redis repository, consider annotating your entities with one of these annotations: org.springframework.data.redis.core.RedisHash (preferred), or consider extending one of the following types with your repository: org.springframework.data.keyvalue.repository.KeyValueRepository
2025-12-19T15:01:44.477+07:00  INFO 13932 --- [learniverse-be] [           main] .s.d.r.c.RepositoryConfigurationDelegate : Finished Spring Data repository scanning in 6 ms. Found 0 Redis repository interfaces.
2025-12-19T15:01:44.668+07:00  INFO 13932 --- [learniverse-be] [           main] o.s.b.w.embedded.tomcat.TomcatWebServer  : Tomcat initialized with port 8080 (http)
2025-12-19T15:01:44.672+07:00  INFO 13932 --- [learniverse-be] [           main] o.apache.catalina.core.StandardService   : Starting service [Tomcat]
2025-12-19T15:01:44.672+07:00  INFO 13932 --- [learniverse-be] [           main] o.apache.catalina.core.StandardEngine    : Starting Servlet engine: [Apache Tomcat/10.1.46]
2025-12-19T15:01:44.689+07:00  INFO 13932 --- [learniverse-be] [           main] o.a.c.c.C.[Tomcat].[localhost].[/]       : Initializing Spring embedded WebApplicationContext
2025-12-19T15:01:44.689+07:00  INFO 13932 --- [learniverse-be] [           main] w.s.c.ServletWebServerApplicationContext : Root WebApplicationContext: initialization completed in 558 ms
Standard Commons Logging discovery in action with spring-jcl: please remove commons-logging.jar from classpath in order to avoid potential conflicts
2025-12-19T15:01:44.735+07:00  INFO 13932 --- [learniverse-be] [           main] o.hibernate.jpa.internal.util.LogHelper  : HHH000204: Processing PersistenceUnitInfo [name: default]
2025-12-19T15:01:44.750+07:00  INFO 13932 --- [learniverse-be] [           main] org.hibernate.Version                    : HHH000412: Hibernate ORM core version 6.6.29.Final
2025-12-19T15:01:44.758+07:00  INFO 13932 --- [learniverse-be] [           main] o.h.c.internal.RegionFactoryInitiator    : HHH000026: Second-level cache disabled
2025-12-19T15:01:44.829+07:00  INFO 13932 --- [learniverse-be] [           main] o.s.o.j.p.SpringPersistenceUnitInfo      : No LoadTimeWeaver setup: ignoring JPA class transformer
2025-12-19T15:01:44.837+07:00  INFO 13932 --- [learniverse-be] [           main] com.zaxxer.hikari.HikariDataSource       : HikariPool-1 - Starting...
2025-12-19T15:01:44.867+07:00  INFO 13932 --- [learniverse-be] [           main] com.zaxxer.hikari.pool.HikariPool        : HikariPool-1 - Added connection org.postgresql.jdbc.PgConnection@1f4dd016
2025-12-19T15:01:44.868+07:00  INFO 13932 --- [learniverse-be] [           main] com.zaxxer.hikari.HikariDataSource       : HikariPool-1 - Start completed.
2025-12-19T15:01:44.888+07:00  INFO 13932 --- [learniverse-be] [           main] org.hibernate.orm.connections.pooling    : HHH10001005: Database info:
	Database JDBC URL [Connecting through datasource 'HikariDataSource (HikariPool-1)']
	Database driver: undefined/unknown
	Database version: 15.14
	Autocommit mode: undefined/unknown
	Isolation level: undefined/unknown
	Minimum pool size: undefined/unknown
	Maximum pool size: undefined/unknown
2025-12-19T15:01:45.036+07:00  WARN 13932 --- [learniverse-be] [           main] org.hibernate.mapping.RootClass          : HHH000038: Composite-id class does not override equals(): org.example.learniversebe.model.composite_key.RoleUserId
2025-12-19T15:01:45.036+07:00  WARN 13932 --- [learniverse-be] [           main] org.hibernate.mapping.RootClass          : HHH000039: Composite-id class does not override hashCode(): org.example.learniversebe.model.composite_key.RoleUserId
2025-12-19T15:01:45.346+07:00  INFO 13932 --- [learniverse-be] [           main] o.h.e.t.j.p.i.JtaPlatformInitiator       : HHH000489: No JTA platform available (set 'hibernate.transaction.jta.platform' to enable JTA platform integration)
2025-12-19T15:01:45.360+07:00  WARN 13932 --- [learniverse-be] [           main] o.h.engine.jdbc.spi.SqlExceptionHelper   : SQL Warning Code: 0, SQLState: 00000
2025-12-19T15:01:45.360+07:00  WARN 13932 --- [learniverse-be] [           main] o.h.engine.jdbc.spi.SqlExceptionHelper   : drop cascades to 3 other objects
2025-12-19T15:01:45.361+07:00  WARN 13932 --- [learniverse-be] [           main] o.h.engine.jdbc.spi.SqlExceptionHelper   : SQL Warning Code: 0, SQLState: 00000
2025-12-19T15:01:45.361+07:00  WARN 13932 --- [learniverse-be] [           main] o.h.engine.jdbc.spi.SqlExceptionHelper   : drop cascades to 3 other objects
2025-12-19T15:01:45.361+07:00  WARN 13932 --- [learniverse-be] [           main] o.h.engine.jdbc.spi.SqlExceptionHelper   : SQL Warning Code: 0, SQLState: 00000
2025-12-19T15:01:45.361+07:00  WARN 13932 --- [learniverse-be] [           main] o.h.engine.jdbc.spi.SqlExceptionHelper   : drop cascades to 3 other objects
2025-12-19T15:01:45.362+07:00  WARN 13932 --- [learniverse-be] [           main] o.h.engine.jdbc.spi.SqlExceptionHelper   : SQL Warning Code: 0, SQLState: 00000
2025-12-19T15:01:45.362+07:00  WARN 13932 --- [learniverse-be] [           main] o.h.engine.jdbc.spi.SqlExceptionHelper   : drop cascades to 3 other objects
2025-12-19T15:01:45.363+07:00  WARN 13932 --- [learniverse-be] [           main] o.h.engine.jdbc.spi.SqlExceptionHelper   : SQL Warning Code: 0, SQLState: 00000
2025-12-19T15:01:45.363+07:00  WARN 13932 --- [learniverse-be] [           main] o.h.engine.jdbc.spi.SqlExceptionHelper   : drop cascades to 3 other objects
2025-12-19T15:01:45.364+07:00  WARN 13932 --- [learniverse-be] [           main] o.h.engine.jdbc.spi.SqlExceptionHelper   : SQL Warning Code: 0, SQLState: 00000
2025-12-19T15:01:45.364+07:00  WARN 13932 --- [learniverse-be] [           main] o.h.engine.jdbc.spi.SqlExceptionHelper   : drop cascades to 3 other objects
2025-12-19T15:01:45.364+07:00  WARN 13932 --- [learniverse-be] [           main] o.h.engine.jdbc.spi.SqlExceptionHelper   : SQL Warning Code: 0, SQLState: 00000
2025-12-19T15:01:45.364+07:00  WARN 13932 --- [learniverse-be] [           main] o.h.engine.jdbc.spi.SqlExceptionHelper   : drop cascades to 3 other objects
2025-12-19T15:01:45.396+07:00  WARN 13932 --- [learniverse-be] [           main] o.h.engine.jdbc.spi.SqlExceptionHelper   : SQL Warning Code: 0, SQLState: 00000
2025-12-19T15:01:45.396+07:00  WARN 13932 --- [learniverse-be] [           main] o.h.engine.jdbc.spi.SqlExceptionHelper   : constraint "uq_reaction_per_user_item_type" of relation "reactions" does not exist, skipping
2025-12-19T15:01:45.400+07:00  WARN 13932 --- [learniverse-be] [           main] o.h.engine.jdbc.spi.SqlExceptionHelper   : SQL Warning Code: 0, SQLState: 00000
2025-12-19T15:01:45.400+07:00  WARN 13932 --- [learniverse-be] [           main] o.h.engine.jdbc.spi.SqlExceptionHelper   : constraint "uq_vote_per_user" of relation "votes" does not exist, skipping
2025-12-19T15:01:46.017+07:00  INFO 13932 --- [learniverse-be] [           main] j.LocalContainerEntityManagerFactoryBean : Initialized JPA EntityManagerFactory for persistence unit 'default'
2025-12-19T15:01:46.135+07:00  INFO 13932 --- [learniverse-be] [           main] o.s.d.j.r.query.QueryEnhancerFactory     : Hibernate is in classpath; If applicable, HQL parser will be used.
2025-12-19T15:01:46.290+07:00 DEBUG 13932 --- [learniverse-be] [           main] o.e.l.jwt.JwtAuthenticationFilter        : Filter 'jwtAuthenticationFilter' configured for use
2025-12-19T15:01:46.344+07:00  INFO 13932 --- [learniverse-be] [           main] r$InitializeUserDetailsManagerConfigurer : Global AuthenticationManager configured with UserDetailsService bean with name userDetailsServiceImpl
2025-12-19T15:01:46.953+07:00  WARN 13932 --- [learniverse-be] [           main] JpaBaseConfiguration$JpaWebConfiguration : spring.jpa.open-in-view is enabled by default. Therefore, database queries may be performed during view rendering. Explicitly configure spring.jpa.open-in-view to disable this warning
2025-12-19T15:01:47.279+07:00  INFO 13932 --- [learniverse-be] [           main] o.s.m.s.b.SimpleBrokerMessageHandler     : Starting...
2025-12-19T15:01:47.280+07:00  INFO 13932 --- [learniverse-be] [           main] o.s.m.s.b.SimpleBrokerMessageHandler     : BrokerAvailabilityEvent[available=true, SimpleBrokerMessageHandler [org.springframework.messaging.simp.broker.DefaultSubscriptionRegistry@68fa9450]]
2025-12-19T15:01:47.280+07:00  INFO 13932 --- [learniverse-be] [           main] o.s.m.s.b.SimpleBrokerMessageHandler     : Started.
2025-12-19T15:01:47.287+07:00  INFO 13932 --- [learniverse-be] [           main] o.s.b.w.embedded.tomcat.TomcatWebServer  : Tomcat started on port 8080 (http) with context path '/'
2025-12-19T15:01:47.293+07:00  INFO 13932 --- [learniverse-be] [           main] o.e.l.LearniverseBeApplication           : Started LearniverseBeApplication in 3.291 seconds (process running for 3.385)
DataInitializer run method executed.
Roles already initialized.
2025-12-19T15:01:47.357+07:00 DEBUG 13932 --- [learniverse-be] [           main] o.e.l.config.DataInitializer             : Exist admin user.
2025-12-19T15:01:47.357+07:00  WARN 13932 --- [learniverse-be] [           main] o.s.core.events.SpringDocAppInitializer  : SpringDoc /v3/api-docs endpoint is enabled by default. To disable it in production, set the property 'springdoc.api-docs.enabled=false'
2025-12-19T15:01:47.357+07:00  WARN 13932 --- [learniverse-be] [           main] o.s.core.events.SpringDocAppInitializer  : SpringDoc /swagger-ui.html endpoint is enabled by default. To disable it in production, set the property 'springdoc.swagger-ui.enabled=false'
2025-12-19T15:02:24.781+07:00  INFO 13932 --- [learniverse-be] [nio-8080-exec-1] o.a.c.c.C.[Tomcat].[localhost].[/]       : Initializing Spring DispatcherServlet 'dispatcherServlet'
2025-12-19T15:02:24.781+07:00  INFO 13932 --- [learniverse-be] [nio-8080-exec-1] o.s.web.servlet.DispatcherServlet        : Initializing Servlet 'dispatcherServlet'
2025-12-19T15:02:24.782+07:00  INFO 13932 --- [learniverse-be] [nio-8080-exec-1] o.s.web.servlet.DispatcherServlet        : Completed initialization in 1 ms
2025-12-19T15:02:24.838+07:00  INFO 13932 --- [learniverse-be] [nio-8080-exec-1] o.e.l.s.implementation.AuthServiceImpl   : Login attempt for email: heyiamthinh1003@gmail.com
2025-12-19T15:02:24.907+07:00 DEBUG 13932 --- [learniverse-be] [nio-8080-exec-1] o.e.l.s.i.UserDetailsServiceImpl         : Loading user by email: heyiamthinh1003@gmail.com
2025-12-19T15:02:25.001+07:00  INFO 13932 --- [learniverse-be] [nio-8080-exec-1] o.e.l.s.i.RefreshTokenServiceImpl        : Creating refresh token for user: Tran Duc Thinhh
2025-12-19T15:02:25.004+07:00 DEBUG 13932 --- [learniverse-be] [nio-8080-exec-1] o.e.l.s.i.RefreshTokenServiceImpl        : Updating existing refresh token for user: Tran Duc Thinhh
2025-12-19T15:02:25.005+07:00  INFO 13932 --- [learniverse-be] [nio-8080-exec-1] o.e.l.s.implementation.AuthServiceImpl   : User logged in successfully: Tran Duc Thinhh
2025-12-19T15:02:25.117+07:00  INFO 13932 --- [learniverse-be] [nio-8080-exec-3] o.e.l.s.implementation.AuthServiceImpl   : Login attempt for email: abc@gmail.com
2025-12-19T15:02:25.119+07:00 DEBUG 13932 --- [learniverse-be] [nio-8080-exec-3] o.e.l.s.i.UserDetailsServiceImpl         : Loading user by email: abc@gmail.com
2025-12-19T15:02:25.198+07:00  INFO 13932 --- [learniverse-be] [nio-8080-exec-3] o.e.l.s.i.RefreshTokenServiceImpl        : Creating refresh token for user: Tran Duc Thinhh2
2025-12-19T15:02:25.199+07:00 DEBUG 13932 --- [learniverse-be] [nio-8080-exec-3] o.e.l.s.i.RefreshTokenServiceImpl        : Updating existing refresh token for user: Tran Duc Thinhh2
2025-12-19T15:02:25.200+07:00  INFO 13932 --- [learniverse-be] [nio-8080-exec-3] o.e.l.s.implementation.AuthServiceImpl   : User logged in successfully: Tran Duc Thinhh2
2025-12-19T15:02:25.239+07:00 DEBUG 13932 --- [learniverse-be] [nio-8080-exec-5] o.e.l.s.i.UserDetailsServiceImpl         : Loading user by email: heyiamthinh1003@gmail.com
2025-12-19T15:02:25.255+07:00 ERROR 13932 --- [learniverse-be] [nio-8080-exec-5] o.e.l.s.i.ChatRoomServiceImpl            : Cannot create group chat room with less than 2 participants
2025-12-19T15:02:25.266+07:00 DEBUG 13932 --- [learniverse-be] [nio-8080-exec-6] o.e.l.s.i.UserDetailsServiceImpl         : Loading user by email: heyiamthinh1003@gmail.com
2025-12-19T15:02:25.331+07:00 DEBUG 13932 --- [learniverse-be] [nio-8080-exec-8] o.e.l.s.i.UserDetailsServiceImpl         : Loading user by email: heyiamthinh1003@gmail.com
2025-12-19T15:02:25.336+07:00  INFO 13932 --- [learniverse-be] [nio-8080-exec-8] o.e.l.s.impl.MessageReceiptServiceImpl   : Getting unread count for user e7d397bd-1a5e-4d76-9588-2ef0781fd336 in chat room 3f7e79ac-2fe6-4835-a215-fb0d4026f477
2025-12-19T15:02:25.358+07:00 DEBUG 13932 --- [learniverse-be] [io-8080-exec-10] o.e.l.s.i.UserDetailsServiceImpl         : Loading user by email: heyiamthinh1003@gmail.com
2025-12-19T15:02:47.290+07:00  INFO 13932 --- [learniverse-be] [MessageBroker-1] o.s.w.s.c.WebSocketMessageBrokerStats    : WebSocketSession[0 current WS(0)-HttpStream(0)-HttpPoll(0), 0 total, 0 closed abnormally (0 connect failure, 0 send limit, 0 transport error)], stompSubProtocol[processed CONNECT(0)-CONNECTED(0)-DISCONNECT(0)], stompBrokerRelay[null], inboundChannel[pool size = 0, active threads = 0, queued tasks = 0, completed tasks = 0], outboundChannel[pool size = 0, active threads = 0, queued tasks = 0, completed tasks = 0], sockJsScheduler[pool size = 4, active threads = 1, queued tasks = 3, completed tasks = 0]

> Task :bootRun FAILED

FAILURE: Build failed with an exception.

* What went wrong:
Execution failed for task ':bootRun'.
> Process 'command '/Users/octguy/.sdkman/candidates/java/17.0.12-oracle/bin/java'' finished with non-zero exit value 137

* Try:
> Run with --stacktrace option to get the stack trace.
> Run with --info or --debug option to get more log output.
> Run with --scan to generate a Build Scan (powered by Develocity).
> Get more help at https://help.gradle.org.

BUILD FAILED in 2m 27s
4 actionable tasks: 1 executed, 3 up-to-date
Exception in thread "Thread-0" java.io.UncheckedIOException: java.io.IOException: Input/output error
	at org.gradle.internal.UncheckedException.throwAsUncheckedException(UncheckedException.java:63)
	at org.gradle.internal.UncheckedException.throwAsUncheckedException(UncheckedException.java:42)
	at org.gradle.internal.daemon.client.clientinput.DaemonClientInputForwarder$ForwardingUserInput.lambda$readAndForwardStdin$0(DaemonClientInputForwarder.java:99)
	at java.base/java.util.concurrent.ThreadPoolExecutor.runWorker(ThreadPoolExecutor.java:1090)
	at java.base/java.util.concurrent.ThreadPoolExecutor$Worker.run(ThreadPoolExecutor.java:614)
	at java.base/java.lang.Thread.run(Thread.java:1474)
Caused by: java.io.IOException: Input/output error
	at java.base/java.io.FileInputStream.readBytes(Native Method)
	at java.base/java.io.FileInputStream.read(FileInputStream.java:281)
	at java.base/java.lang.System$In.read(System.java:1871)
	at java.base/java.io.BufferedInputStream.read1(BufferedInputStream.java:328)
	at java.base/java.io.BufferedInputStream.read(BufferedInputStream.java:388)
	at java.base/sun.nio.cs.StreamDecoder.readBytes(StreamDecoder.java:279)
	at java.base/sun.nio.cs.StreamDecoder.implRead(StreamDecoder.java:322)
	at java.base/sun.nio.cs.StreamDecoder.read(StreamDecoder.java:186)
	at java.base/java.io.InputStreamReader.read(InputStreamReader.java:183)
	at java.base/java.io.BufferedReader.read1(BufferedReader.java:215)
	at java.base/java.io.BufferedReader.read(BufferedReader.java:291)
	at java.base/java.io.Reader.read(Reader.java:372)
	at org.gradle.internal.daemon.client.clientinput.DaemonClientInputForwarder$ForwardingUserInput.lambda$readAndForwardStdin$0(DaemonClientInputForwarder.java:97)
	... 3 more

FAILURE: Build failed with an exception.

* What went wrong:
Could not dispatch a message to the daemon.

* Try:
> Run with --stacktrace option to get the stack trace.
> Run with --info or --debug option to get more log output.
> Run with --scan to generate a Build Scan (powered by Develocity).
> Get more help at https://help.gradle.org.
